<?xml version="1.0" encoding="UTF-8"?>
<testng-results ignored="0" total="1" passed="1" failed="0" skipped="0">
  <reporter-output>
  </reporter-output>
  <suite started-at="2022-10-03T18:55:36 IST" name="Default suite" finished-at="2022-10-03T18:56:12 IST" duration-ms="36134">
    <groups>
    </groups>
    <test started-at="2022-10-03T18:55:36 IST" name="Default test" finished-at="2022-10-03T18:56:12 IST" duration-ms="36134">
      <class name="com.amazon.testclasses.TC01_LogInFunctionality_Test">
        <test-method is-config="true" signature="setUp()[pri:0, instance:com.amazon.testclasses.TC01_LogInFunctionality_Test@28f3b248]" started-at="2022-10-03T18:55:36 IST" name="setUp" finished-at="2022-10-03T18:56:08 IST" duration-ms="32351" status="PASS">
          <reporter-output>
          </reporter-output>
        </test-method> <!-- setUp -->
        <test-method signature="verifyLoginFunctionality()[pri:0, instance:com.amazon.testclasses.TC01_LogInFunctionality_Test@28f3b248]" started-at="2022-10-03T18:56:08 IST" name="verifyLoginFunctionality" finished-at="2022-10-03T18:56:11 IST" duration-ms="3099" status="PASS">
          <reporter-output>
          </reporter-output>
        </test-method> <!-- verifyLoginFunctionality -->
        <test-method is-config="true" signature="tearDown()[pri:0, instance:com.amazon.testclasses.TC01_LogInFunctionality_Test@28f3b248]" started-at="2022-10-03T18:56:11 IST" name="tearDown" finished-at="2022-10-03T18:56:12 IST" duration-ms="526" status="PASS">
          <reporter-output>
          </reporter-output>
        </test-method> <!-- tearDown -->
      </class> <!-- com.amazon.testclasses.TC01_LogInFunctionality_Test -->
    </test> <!-- Default test -->
  </suite> <!-- Default suite -->
</testng-results>
